#
# There is insufficient memory for the Java Runtime Environment to continue.
# Native memory allocation (malloc) failed to allocate 1048576 bytes for AllocateHeap
# Possible reasons:
#   The system is out of physical RAM or swap space
#   In 32 bit mode, the process size limit was hit
# Possible solutions:
#   Reduce memory load on the system
#   Increase physical memory or swap space
#   Check if swap backing store is full
#   Use 64 bit Java on a 64 bit OS
#   Decrease Java heap size (-Xmx/-Xms)
#   Decrease number of Java threads
#   Decrease Java thread stack sizes (-Xss)
#   Set larger code cache with -XX:ReservedCodeCacheSize=
# This output file may be truncated or incomplete.
#
#  Out of Memory Error (memory/allocation.inline.hpp:62), pid=5108, tid=13888
#
# JRE version:  (8.0-b132) (build )
# Java VM: Java HotSpot(TM) 64-Bit Server VM (25.0-b70 mixed mode windows-amd64 compressed oops)
# Failed to write core dump. Minidumps are not enabled by default on client versions of Windows
#

---------------  T H R E A D  ---------------

Current thread (0x0000000002900800):  JavaThread "Unknown thread" [_thread_in_vm, id=13888, stack(0x0000000002780000,0x0000000002880000)]

Stack: [0x0000000002780000,0x0000000002880000]
Native frames: (J=compiled Java code, j=interpreted, Vv=VM code, C=native code)
V  [jvm.dll+0x308e0a]
V  [jvm.dll+0x25df11]
V  [jvm.dll+0x25eb2f]
V  [jvm.dll+0x256505]
V  [jvm.dll+0x25555f]
V  [jvm.dll+0x3c734c]
V  [jvm.dll+0x3c2a17]
V  [jvm.dll+0xe2172]
V  [jvm.dll+0x1f1439]
V  [jvm.dll+0x2227e4]
V  [jvm.dll+0x149f91]
C  [java.exe+0x207a]
C  [java.exe+0xc99b]
C  [java.exe+0xca2f]
C  [KERNEL32.DLL+0x18102]
C  [ntdll.dll+0x5c5b4]


---------------  P R O C E S S  ---------------

Java Threads: ( => current thread )

Other Threads:

=>0x0000000002900800 (exited) JavaThread "Unknown thread" [_thread_in_vm, id=13888, stack(0x0000000002780000,0x0000000002880000)]

VM state:not at safepoint (normal execution)

VM Mutex/Monitor currently owned by a thread: None

Heap:
 PSYoungGen      total 1024K, used 20K [0x00000000eab00000, 0x00000000eac80000, 0x0000000100000000)
  eden space 512K, 4% used [0x00000000eab00000,0x00000000eab05288,0x00000000eab80000)
  from space 512K, 0% used [0x00000000eac00000,0x00000000eac00000,0x00000000eac80000)
  to   space 512K, 0% used [0x00000000eab80000,0x00000000eab80000,0x00000000eac00000)
 ParOldGen       total 96768K, used 0K [0x00000000c0000000, 0x00000000c5e80000, 0x00000000eab00000)
  object space 96768K, 0% used [0x00000000c0000000,0x00000000c0000000,0x00000000c5e80000)
 Metaspace       used 673K, capacity 4480K, committed 4480K, reserved 1056768K
  class space    used 66K, capacity 384K, committed 384K, reserved 1048576K

Card table byte_map: [0x0000000011dc0000,0x0000000011fd0000] byte_map_base: 0x00000000117c0000

Marking Bits: (ParMarkBitMap*) 0x000000006eed13b0
 Begin Bits: [0x0000000012930000, 0x0000000013930000)
 End Bits:   [0x0000000013930000, 0x0000000014930000)

Polling page: 0x0000000000eb0000

CodeCache: size=245760Kb used=327Kb max_used=327Kb free=245432Kb
 bounds [0x0000000002a00000, 0x0000000002c70000, 0x0000000011a00000]
 total_blobs=56 nmethods=0 adapters=37
 compilation: enabled

Compilation events (0 events):
No events

GC Heap History (0 events):
No events

Deoptimization events (0 events):
No events

Internal exceptions (0 events):
No events

Events (10 events):
Event: 0.033 loading class java/lang/Short
Event: 0.033 loading class java/lang/Short done
Event: 0.033 loading class java/lang/Integer
Event: 0.033 loading class java/lang/Integer done
Event: 0.033 loading class java/lang/Long
Event: 0.033 loading class java/lang/Long done
Event: 0.036 loading class java/lang/NullPointerException
Event: 0.036 loading class java/lang/NullPointerException done
Event: 0.036 loading class java/lang/ArithmeticException
Event: 0.036 loading class java/lang/ArithmeticException done


Dynamic libraries:
0x00007ff6edd70000 - 0x00007ff6edda4000 	C:\Program Files\Java\jdk1.8.0\bin\java.exe
0x00007ffe597f0000 - 0x00007ffe599b1000 	C:\Windows\SYSTEM32\ntdll.dll
0x00007ffe596d0000 - 0x00007ffe5977d000 	C:\Windows\system32\KERNEL32.DLL
0x00007ffe3bf60000 - 0x00007ffe3bf93000 	C:\Program Files (x86)\AVG\Av\avghooka.dll
0x00007ffe56a00000 - 0x00007ffe56be8000 	C:\Windows\system32\KERNELBASE.dll
0x00007ffe59170000 - 0x00007ffe59217000 	C:\Windows\system32\ADVAPI32.dll
0x00007ffe57670000 - 0x00007ffe5770d000 	C:\Windows\system32\msvcrt.dll
0x00007ffe590c0000 - 0x00007ffe5911b000 	C:\Windows\system32\sechost.dll
0x00007ffe57110000 - 0x00007ffe5722c000 	C:\Windows\system32\RPCRT4.dll
0x00007ffe593b0000 - 0x00007ffe59506000 	C:\Windows\system32\USER32.dll
0x00007ffe59220000 - 0x00007ffe593a6000 	C:\Windows\system32\GDI32.dll
0x00007ffe37650000 - 0x00007ffe378c4000 	C:\Windows\WinSxS\amd64_microsoft.windows.common-controls_6595b64144ccf1df_6.0.10586.0_none_8c15ae12515e1c22\COMCTL32.dll
0x00007ffe56bf0000 - 0x00007ffe56e6d000 	C:\Windows\system32\combase.dll
0x00007ffe56940000 - 0x00007ffe569aa000 	C:\Windows\system32\bcryptPrimitives.dll
0x00007ffe59120000 - 0x00007ffe5915b000 	C:\Windows\system32\IMM32.DLL
0x000000006e2a0000 - 0x000000006e372000 	C:\Program Files\Java\jdk1.8.0\jre\bin\msvcr100.dll
0x000000006e720000 - 0x000000006ef4a000 	C:\Program Files\Java\jdk1.8.0\jre\bin\server\jvm.dll
0x00007ffe57660000 - 0x00007ffe57668000 	C:\Windows\system32\PSAPI.DLL
0x00007ffe2ee50000 - 0x00007ffe2ee59000 	C:\Windows\SYSTEM32\WSOCK32.dll
0x00007ffe59050000 - 0x00007ffe590bb000 	C:\Windows\system32\WS2_32.dll
0x00007ffe545c0000 - 0x00007ffe545e3000 	C:\Windows\SYSTEM32\WINMM.dll
0x00007ffe54560000 - 0x00007ffe5458c000 	C:\Windows\SYSTEM32\WINMMBASE.dll
0x00007ffe569b0000 - 0x00007ffe569f3000 	C:\Windows\system32\cfgmgr32.dll
0x000000006e710000 - 0x000000006e71f000 	C:\Program Files\Java\jdk1.8.0\jre\bin\verify.dll
0x000000006e6e0000 - 0x000000006e708000 	C:\Program Files\Java\jdk1.8.0\jre\bin\java.dll
0x000000006e6c0000 - 0x000000006e6d6000 	C:\Program Files\Java\jdk1.8.0\jre\bin\zip.dll
0x00007ffe4f2a0000 - 0x00007ffe4f42c000 	C:\Windows\SYSTEM32\dbghelp.dll

VM Arguments:
jvm_args: -Djava.awt.headless=true -Xmx1024M -Dfile.encoding=windows-1252 -Duser.country=US -Duser.language=en -Duser.variant 
java_command: com.android.dx.command.Main --dex --force-jumbo --multi-dex --output D:\wwwroot\Work\MobileYomanim\app\build\intermediates\transforms\dex\debug\folders\1000\10\instant-run_3f7435d8b4e05f4faf8da80a498424f88d79bd09 D:\wwwroot\Work\MobileYomanim\app\build\intermediates\incremental-runtime-classes\debug\instant-run.jar
java_class_path (initial): C:\Users\Yuriy\AppData\Local\Android\sdk\build-tools\21.0.1\lib\dx.jar
Launcher Type: SUN_STANDARD

Environment Variables:
PATH=C:\ProgramData\Oracle\Java\javapath;C:\Windows\system32;C:\Windows;C:\Windows\System32\Wbem;C:\Windows\System32\WindowsPowerShell\v1.0\;C:\Program Files (x86)\Windows Kits\8.1\Windows Performance Toolkit\;C:\Program Files\Microsoft SQL Server\110\Tools\Binn\;C:\Program Files (x86)\Skype\Phone\;C:\Program Files\TortoiseSVN\bin;C:\Program Files\Microsoft SQL Server\Client SDK\ODBC\110\Tools\Binn\;C:\Program Files (x86)\Microsoft SQL Server\120\Tools\Binn\ManagementStudio\;C:\Program Files (x86)\Microsoft SQL Server\120\Tools\Binn\;C:\Program Files\Microsoft SQL Server\120\Tools\Binn\;C:\Program Files (x86)\Microsoft SQL Server\120\DTS\Binn\;C:\Program Files\Microsoft SQL Server\120\DTS\Binn\
USERNAME=Yuriy
OS=Windows_NT
PROCESSOR_IDENTIFIER=Intel64 Family 6 Model 58 Stepping 9, GenuineIntel



---------------  S Y S T E M  ---------------

OS: Windows 8.1 , 64 bit Build 9600 

CPU:total 8 (4 cores per cpu, 2 threads per core) family 6 model 58 stepping 9, cmov, cx8, fxsr, mmx, sse, sse2, sse3, ssse3, sse4.1, sse4.2, popcnt, avx, aes, clmul, erms, ht, tsc, tscinvbit

Memory: 4k page, physical 6189924k(580496k free), swap 14195000k(150072k free)

vm_info: Java HotSpot(TM) 64-Bit Server VM (25.0-b70) for windows-amd64 JRE (1.8.0-b132), built on Mar  4 2014 03:46:18 by "java_re" with MS VC++ 10.0 (VS2010)

time: Mon Jun 20 16:45:14 2016
elapsed time: 0 seconds

