#
# There is insufficient memory for the Java Runtime Environment to continue.
# Native memory allocation (malloc) failed to allocate 32744 bytes for ChunkPool::allocate
# Possible reasons:
#   The system is out of physical RAM or swap space
#   In 32 bit mode, the process size limit was hit
# Possible solutions:
#   Reduce memory load on the system
#   Increase physical memory or swap space
#   Check if swap backing store is full
#   Use 64 bit Java on a 64 bit OS
#   Decrease Java heap size (-Xmx/-Xms)
#   Decrease number of Java threads
#   Decrease Java thread stack sizes (-Xss)
#   Set larger code cache with -XX:ReservedCodeCacheSize=
# This output file may be truncated or incomplete.
#
#  Out of Memory Error (allocation.cpp:271), pid=10596, tid=8528
#
# JRE version: Java(TM) SE Runtime Environment (8.0-b132) (build 1.8.0-b132)
# Java VM: Java HotSpot(TM) 64-Bit Server VM (25.0-b70 mixed mode windows-amd64 compressed oops)
# Failed to write core dump. Minidumps are not enabled by default on client versions of Windows
#

---------------  T H R E A D  ---------------

Current thread (0x00000000178fd800):  JavaThread "C2 CompilerThread2" daemon [_thread_in_native, id=8528, stack(0x00000000180d0000,0x00000000181d0000)]

Stack: [0x00000000180d0000,0x00000000181d0000]
Native frames: (J=compiled Java code, j=interpreted, Vv=VM code, C=native code)
V  [jvm.dll+0x308e0a]


Current CompileTask:
C2:   3718 1657   !   4       com.android.dx.cf.cst.ConstantPoolParser::parse0 (731 bytes)


---------------  P R O C E S S  ---------------

Java Threads: ( => current thread )
  0x000000001797d800 JavaThread "Service Thread" daemon [_thread_blocked, id=2008, stack(0x00000000182d0000,0x00000000183d0000)]
  0x000000001792c000 JavaThread "C1 CompilerThread3" daemon [_thread_blocked, id=13704, stack(0x00000000181d0000,0x00000000182d0000)]
=>0x00000000178fd800 JavaThread "C2 CompilerThread2" daemon [_thread_in_native, id=8528, stack(0x00000000180d0000,0x00000000181d0000)]
  0x00000000178f7800 JavaThread "C2 CompilerThread1" daemon [_thread_in_native, id=7320, stack(0x0000000017fd0000,0x00000000180d0000)]
  0x00000000178f4800 JavaThread "C2 CompilerThread0" daemon [_thread_in_native, id=16248, stack(0x0000000017ed0000,0x0000000017fd0000)]
  0x00000000178f3000 JavaThread "Attach Listener" daemon [_thread_blocked, id=15608, stack(0x0000000017dd0000,0x0000000017ed0000)]
  0x00000000178f2800 JavaThread "Signal Dispatcher" daemon [_thread_blocked, id=8608, stack(0x0000000017cd0000,0x0000000017dd0000)]
  0x0000000002dc1000 JavaThread "Finalizer" daemon [_thread_blocked, id=5752, stack(0x00000000177d0000,0x00000000178d0000)]
  0x00000000158ec000 JavaThread "Reference Handler" daemon [_thread_blocked, id=8176, stack(0x00000000176d0000,0x00000000177d0000)]
  0x0000000002cd0800 JavaThread "main" [_thread_in_vm, id=12636, stack(0x0000000002b50000,0x0000000002c50000)]

Other Threads:
  0x00000000158e8000 VMThread [stack: 0x00000000175d0000,0x00000000176d0000] [id=1828]
  0x000000001797f000 WatcherThread [stack: 0x00000000183d0000,0x00000000184d0000] [id=14916]

VM state:not at safepoint (normal execution)

VM Mutex/Monitor currently owned by a thread: None

Heap:
 PSYoungGen      total 38400K, used 26623K [0x00000000eab00000, 0x00000000eee00000, 0x0000000100000000)
  eden space 34304K, 65% used [0x00000000eab00000,0x00000000ec0fff80,0x00000000ecc80000)
  from space 4096K, 99% used [0x00000000ecc80000,0x00000000ed07fed8,0x00000000ed080000)
  to   space 6656K, 0% used [0x00000000ee780000,0x00000000ee780000,0x00000000eee00000)
 ParOldGen       total 96768K, used 16747K [0x00000000c0000000, 0x00000000c5e80000, 0x00000000eab00000)
  object space 96768K, 17% used [0x00000000c0000000,0x00000000c105af38,0x00000000c5e80000)
 Metaspace       used 5598K, capacity 6896K, committed 7040K, reserved 1056768K
  class space    used 553K, capacity 616K, committed 640K, reserved 1048576K

Card table byte_map: [0x0000000012190000,0x00000000123a0000] byte_map_base: 0x0000000011b90000

Marking Bits: (ParMarkBitMap*) 0x000000006eed13b0
 Begin Bits: [0x0000000012d00000, 0x0000000013d00000)
 End Bits:   [0x0000000013d00000, 0x0000000014d00000)

Polling page: 0x0000000002a50000

CodeCache: size=245760Kb used=6959Kb max_used=6959Kb free=238800Kb
 bounds [0x0000000002dd0000, 0x00000000034b0000, 0x0000000011dd0000]
 total_blobs=1972 nmethods=1712 adapters=174
 compilation: enabled

Compilation events (10 events):
Event: 3.678 Thread 0x000000001792c000 1753       2       com.android.dx.dex.code.OutputCollector::appendSuffixToOutput (45 bytes)
Event: 3.679 Thread 0x000000001792c000 nmethod 1753 0x000000000348dc50 code [0x000000000348de00, 0x000000000348e2b8]
Event: 3.679 Thread 0x000000001792c000 1754       2       com.android.dx.dex.code.DalvCode::<init> (68 bytes)
Event: 3.680 Thread 0x000000001792c000 nmethod 1754 0x00000000034a1210 code [0x00000000034a1380, 0x00000000034a1678]
Event: 3.703 Thread 0x000000001792c000 1757       2       com.android.dx.cf.code.LocalVariableList::set (23 bytes)
Event: 3.703 Thread 0x000000001792c000 nmethod 1757 0x00000000034a1790 code [0x00000000034a1940, 0x00000000034a1e38]
Event: 3.705 Thread 0x000000001792c000 1758       2       com.android.dx.cf.code.Ropper::getMinimumUnreservedLabel (19 bytes)
Event: 3.705 Thread 0x000000001792c000 nmethod 1758 0x00000000034a2390 code [0x00000000034a24e0, 0x00000000034a2650]
Event: 3.708 Thread 0x000000001792c000 1759       2       java.lang.String::lastIndexOf (151 bytes)
Event: 3.709 Thread 0x000000001792c000 nmethod 1759 0x00000000034a2790 code [0x00000000034a2920, 0x00000000034a2cd0]

GC Heap History (10 events):
Event: 2.425 GC heap before
{Heap before GC invocations=11 (full 0):
 PSYoungGen      total 16384K, used 15568K [0x00000000eab00000, 0x00000000ebe00000, 0x0000000100000000)
  eden space 13312K, 100% used [0x00000000eab00000,0x00000000eb800000,0x00000000eb800000)
  from space 3072K, 73% used [0x00000000ebb00000,0x00000000ebd34010,0x00000000ebe00000)
  to   space 3072K, 0% used [0x00000000eb800000,0x00000000eb800000,0x00000000ebb00000)
 ParOldGen       total 96768K, used 3719K [0x00000000c0000000, 0x00000000c5e80000, 0x00000000eab00000)
  object space 96768K, 3% used [0x00000000c0000000,0x00000000c03a1ee8,0x00000000c5e80000)
 Metaspace       used 5449K, capacity 6832K, committed 7040K, reserved 1056768K
  class space    used 548K, capacity 616K, committed 640K, reserved 1048576K
Event: 2.430 GC heap after
Heap after GC invocations=11 (full 0):
 PSYoungGen      total 16384K, used 2402K [0x00000000eab00000, 0x00000000ec600000, 0x0000000100000000)
  eden space 13312K, 0% used [0x00000000eab00000,0x00000000eab00000,0x00000000eb800000)
  from space 3072K, 78% used [0x00000000eb800000,0x00000000eba58a50,0x00000000ebb00000)
  to   space 3072K, 0% used [0x00000000ec300000,0x00000000ec300000,0x00000000ec600000)
 ParOldGen       total 96768K, used 5875K [0x00000000c0000000, 0x00000000c5e80000, 0x00000000eab00000)
  object space 96768K, 6% used [0x00000000c0000000,0x00000000c05bcc08,0x00000000c5e80000)
 Metaspace       used 5449K, capacity 6832K, committed 7040K, reserved 1056768K
  class space    used 548K, capacity 616K, committed 640K, reserved 1048576K
}
Event: 2.574 GC heap before
{Heap before GC invocations=12 (full 0):
 PSYoungGen      total 16384K, used 15714K [0x00000000eab00000, 0x00000000ec600000, 0x0000000100000000)
  eden space 13312K, 100% used [0x00000000eab00000,0x00000000eb800000,0x00000000eb800000)
  from space 3072K, 78% used [0x00000000eb800000,0x00000000eba58a50,0x00000000ebb00000)
  to   space 3072K, 0% used [0x00000000ec300000,0x00000000ec300000,0x00000000ec600000)
 ParOldGen       total 96768K, used 5875K [0x00000000c0000000, 0x00000000c5e80000, 0x00000000eab00000)
  object space 96768K, 6% used [0x00000000c0000000,0x00000000c05bcc08,0x00000000c5e80000)
 Metaspace       used 5458K, capacity 6832K, committed 7040K, reserved 1056768K
  class space    used 548K, capacity 616K, committed 640K, reserved 1048576K
Event: 2.602 GC heap after
Heap after GC invocations=12 (full 0):
 PSYoungGen      total 24576K, used 1376K [0x00000000eab00000, 0x00000000ec600000, 0x0000000100000000)
  eden space 21504K, 0% used [0x00000000eab00000,0x00000000eab00000,0x00000000ec000000)
  from space 3072K, 44% used [0x00000000ec300000,0x00000000ec458000,0x00000000ec600000)
  to   space 3072K, 0% used [0x00000000ec000000,0x00000000ec000000,0x00000000ec300000)
 ParOldGen       total 96768K, used 7938K [0x00000000c0000000, 0x00000000c5e80000, 0x00000000eab00000)
  object space 96768K, 8% used [0x00000000c0000000,0x00000000c07c0988,0x00000000c5e80000)
 Metaspace       used 5458K, capacity 6832K, committed 7040K, reserved 1056768K
  class space    used 548K, capacity 616K, committed 640K, reserved 1048576K
}
Event: 2.886 GC heap before
{Heap before GC invocations=13 (full 0):
 PSYoungGen      total 24576K, used 22880K [0x00000000eab00000, 0x00000000ec600000, 0x0000000100000000)
  eden space 21504K, 100% used [0x00000000eab00000,0x00000000ec000000,0x00000000ec000000)
  from space 3072K, 44% used [0x00000000ec300000,0x00000000ec458000,0x00000000ec600000)
  to   space 3072K, 0% used [0x00000000ec000000,0x00000000ec000000,0x00000000ec300000)
 ParOldGen       total 96768K, used 7938K [0x00000000c0000000, 0x00000000c5e80000, 0x00000000eab00000)
  object space 96768K, 8% used [0x00000000c0000000,0x00000000c07c0988,0x00000000c5e80000)
 Metaspace       used 5484K, capacity 6832K, committed 7040K, reserved 1056768K
  class space    used 549K, capacity 616K, committed 640K, reserved 1048576K
Event: 2.893 GC heap after
Heap after GC invocations=13 (full 0):
 PSYoungGen      total 24576K, used 2880K [0x00000000eab00000, 0x00000000ed400000, 0x0000000100000000)
  eden space 21504K, 0% used [0x00000000eab00000,0x00000000eab00000,0x00000000ec000000)
  from space 3072K, 93% used [0x00000000ec000000,0x00000000ec2d0010,0x00000000ec300000)
  to   space 3584K, 0% used [0x00000000ed080000,0x00000000ed080000,0x00000000ed400000)
 ParOldGen       total 96768K, used 9274K [0x00000000c0000000, 0x00000000c5e80000, 0x00000000eab00000)
  object space 96768K, 9% used [0x00000000c0000000,0x00000000c090e988,0x00000000c5e80000)
 Metaspace       used 5484K, capacity 6832K, committed 7040K, reserved 1056768K
  class space    used 549K, capacity 616K, committed 640K, reserved 1048576K
}
Event: 3.150 GC heap before
{Heap before GC invocations=14 (full 0):
 PSYoungGen      total 24576K, used 24384K [0x00000000eab00000, 0x00000000ed400000, 0x0000000100000000)
  eden space 21504K, 100% used [0x00000000eab00000,0x00000000ec000000,0x00000000ec000000)
  from space 3072K, 93% used [0x00000000ec000000,0x00000000ec2d0010,0x00000000ec300000)
  to   space 3584K, 0% used [0x00000000ed080000,0x00000000ed080000,0x00000000ed400000)
 ParOldGen       total 96768K, used 9274K [0x00000000c0000000, 0x00000000c5e80000, 0x00000000eab00000)
  object space 96768K, 9% used [0x00000000c0000000,0x00000000c090e988,0x00000000c5e80000)
 Metaspace       used 5525K, capacity 6896K, committed 7040K, reserved 1056768K
  class space    used 549K, capacity 616K, committed 640K, reserved 1048576K
Event: 3.162 GC heap after
Heap after GC invocations=14 (full 0):
 PSYoungGen      total 37888K, used 3392K [0x00000000eab00000, 0x00000000ed500000, 0x0000000100000000)
  eden space 34304K, 0% used [0x00000000eab00000,0x00000000eab00000,0x00000000ecc80000)
  from space 3584K, 94% used [0x00000000ed080000,0x00000000ed3d0000,0x00000000ed400000)
  to   space 4096K, 0% used [0x00000000ecc80000,0x00000000ecc80000,0x00000000ed080000)
 ParOldGen       total 96768K, used 12013K [0x00000000c0000000, 0x00000000c5e80000, 0x00000000eab00000)
  object space 96768K, 12% used [0x00000000c0000000,0x00000000c0bbb470,0x00000000c5e80000)
 Metaspace       used 5525K, capacity 6896K, committed 7040K, reserved 1056768K
  class space    used 549K, capacity 616K, committed 640K, reserved 1048576K
}
Event: 3.527 GC heap before
{Heap before GC invocations=15 (full 0):
 PSYoungGen      total 37888K, used 37696K [0x00000000eab00000, 0x00000000ed500000, 0x0000000100000000)
  eden space 34304K, 100% used [0x00000000eab00000,0x00000000ecc80000,0x00000000ecc80000)
  from space 3584K, 94% used [0x00000000ed080000,0x00000000ed3d0000,0x00000000ed400000)
  to   space 4096K, 0% used [0x00000000ecc80000,0x00000000ecc80000,0x00000000ed080000)
 ParOldGen       total 96768K, used 12013K [0x00000000c0000000, 0x00000000c5e80000, 0x00000000eab00000)
  object space 96768K, 12% used [0x00000000c0000000,0x00000000c0bbb470,0x00000000c5e80000)
 Metaspace       used 5590K, capacity 6896K, committed 7040K, reserved 1056768K
  class space    used 552K, capacity 616K, committed 640K, reserved 1048576K
Event: 3.540 GC heap after
Heap after GC invocations=15 (full 0):
 PSYoungGen      total 38400K, used 4095K [0x00000000eab00000, 0x00000000eee00000, 0x0000000100000000)
  eden space 34304K, 0% used [0x00000000eab00000,0x00000000eab00000,0x00000000ecc80000)
  from space 4096K, 99% used [0x00000000ecc80000,0x00000000ed07fed8,0x00000000ed080000)
  to   space 6656K, 0% used [0x00000000ee780000,0x00000000ee780000,0x00000000eee00000)
 ParOldGen       total 96768K, used 16747K [0x00000000c0000000, 0x00000000c5e80000, 0x00000000eab00000)
  object space 96768K, 17% used [0x00000000c0000000,0x00000000c105af38,0x00000000c5e80000)
 Metaspace       used 5590K, capacity 6896K, committed 7040K, reserved 1056768K
  class space    used 552K, capacity 616K, committed 640K, reserved 1048576K
}

Deoptimization events (10 events):
Event: 2.972 Thread 0x0000000002cd0800 Uncommon trap: reason=class_check action=maybe_recompile pc=0x000000000326a790 method=java.util.HashMap.putVal(ILjava/lang/Object;Ljava/lang/Object;ZZ)Ljava/lang/Object; @ 203
Event: 3.032 Thread 0x0000000002cd0800 Uncommon trap: reason=unreached action=reinterpret pc=0x00000000032de3c8 method=com.android.dx.ssa.MoveParamCombiner$1.visitNonMoveInsn(Lcom/android/dx/ssa/NormalSsaInsn;)V @ 27
Event: 3.274 Thread 0x0000000002cd0800 Uncommon trap: reason=unloaded action=reinterpret pc=0x000000000339bb74 method=com.android.dx.ssa.LiteralOpUpgrader$1.visitNonMoveInsn(Lcom/android/dx/ssa/NormalSsaInsn;)V @ 72
Event: 3.407 Thread 0x0000000002cd0800 Uncommon trap: reason=bimorphic action=maybe_recompile pc=0x000000000346ae10 method=com.android.dx.cf.code.RopperMachine.run(Lcom/android/dx/cf/code/Frame;II)V @ 988
Event: 3.409 Thread 0x0000000002cd0800 Uncommon trap: reason=bimorphic action=maybe_recompile pc=0x000000000346ae10 method=com.android.dx.cf.code.RopperMachine.run(Lcom/android/dx/cf/code/Frame;II)V @ 988
Event: 3.473 Thread 0x0000000002cd0800 Uncommon trap: reason=bimorphic action=maybe_recompile pc=0x000000000346ae10 method=com.android.dx.cf.code.RopperMachine.run(Lcom/android/dx/cf/code/Frame;II)V @ 988
Event: 3.499 Thread 0x0000000002cd0800 Uncommon trap: reason=bimorphic action=maybe_recompile pc=0x000000000346ae10 method=com.android.dx.cf.code.RopperMachine.run(Lcom/android/dx/cf/code/Frame;II)V @ 988
Event: 3.580 Thread 0x0000000002cd0800 Uncommon trap: reason=bimorphic action=maybe_recompile pc=0x0000000002ffbc90 method=java.util.HashMap.getNode(ILjava/lang/Object;)Ljava/util/HashMap$Node; @ 126
Event: 3.663 Thread 0x0000000002cd0800 Uncommon trap: reason=class_check action=maybe_recompile pc=0x000000000326a790 method=java.util.HashMap.putVal(ILjava/lang/Object;Ljava/lang/Object;ZZ)Ljava/lang/Object; @ 203
Event: 3.663 Thread 0x0000000002cd0800 Uncommon trap: reason=bimorphic action=maybe_recompile pc=0x0000000002fb4750 method=java.util.HashMap.getNode(ILjava/lang/Object;)Ljava/util/HashMap$Node; @ 126

Internal exceptions (10 events):
Event: 2.339 Thread 0x0000000002cd0800 Implicit null exception at 0x0000000003152a62 to 0x0000000003152b52
Event: 2.358 Thread 0x0000000002cd0800 Exception <a 'java/security/PrivilegedActionException'> (0x00000000eb38c3e8) thrown at [D:\re\workspace\8-2-build-windows-amd64-cygwin\jdk8\2238\hotspot\src\share\vm\prims\jvm.cpp, line 1248]
Event: 2.359 Thread 0x0000000002cd0800 Exception <a 'java/security/PrivilegedActionException'> (0x00000000eb392f50) thrown at [D:\re\workspace\8-2-build-windows-amd64-cygwin\jdk8\2238\hotspot\src\share\vm\prims\jvm.cpp, line 1248]
Event: 2.853 Thread 0x0000000002cd0800 Exception <a 'java/security/PrivilegedActionException'> (0x00000000ebe52e90) thrown at [D:\re\workspace\8-2-build-windows-amd64-cygwin\jdk8\2238\hotspot\src\share\vm\prims\jvm.cpp, line 1248]
Event: 3.243 Thread 0x0000000002cd0800 Exception <a 'java/security/PrivilegedActionException'> (0x00000000eb0e7578) thrown at [D:\re\workspace\8-2-build-windows-amd64-cygwin\jdk8\2238\hotspot\src\share\vm\prims\jvm.cpp, line 1248]
Event: 3.244 Thread 0x0000000002cd0800 Exception <a 'java/security/PrivilegedActionException'> (0x00000000eb0e9d30) thrown at [D:\re\workspace\8-2-build-windows-amd64-cygwin\jdk8\2238\hotspot\src\share\vm\prims\jvm.cpp, line 1248]
Event: 3.263 Thread 0x0000000002cd0800 Exception <a 'java/security/PrivilegedActionException'> (0x00000000eb28d6d8) thrown at [D:\re\workspace\8-2-build-windows-amd64-cygwin\jdk8\2238\hotspot\src\share\vm\prims\jvm.cpp, line 1248]
Event: 3.264 Thread 0x0000000002cd0800 Exception <a 'java/security/PrivilegedActionException'> (0x00000000eb293128) thrown at [D:\re\workspace\8-2-build-windows-amd64-cygwin\jdk8\2238\hotspot\src\share\vm\prims\jvm.cpp, line 1248]
Event: 3.264 Thread 0x0000000002cd0800 Exception <a 'java/security/PrivilegedActionException'> (0x00000000eb298920) thrown at [D:\re\workspace\8-2-build-windows-amd64-cygwin\jdk8\2238\hotspot\src\share\vm\prims\jvm.cpp, line 1248]
Event: 3.274 Thread 0x0000000002cd0800 Exception <a 'java/security/PrivilegedActionException'> (0x00000000eb36ac98) thrown at [D:\re\workspace\8-2-build-windows-amd64-cygwin\jdk8\2238\hotspot\src\share\vm\prims\jvm.cpp, line 1248]

Events (10 events):
Event: 3.540 Executing VM operation: ParallelGCFailedAllocation done
Event: 3.580 Thread 0x0000000002cd0800 Uncommon trap: trap_request=0xffffffc6 fr.pc=0x0000000002ffbc90
Event: 3.580 Thread 0x0000000002cd0800 DEOPT PACKING pc=0x0000000002ffbc90 sp=0x0000000002c4e840
Event: 3.581 Thread 0x0000000002cd0800 DEOPT UNPACKING pc=0x0000000002e155af sp=0x0000000002c4e758 mode 2
Event: 3.663 Thread 0x0000000002cd0800 Uncommon trap: trap_request=0xffffffde fr.pc=0x000000000326a790
Event: 3.663 Thread 0x0000000002cd0800 DEOPT PACKING pc=0x000000000326a790 sp=0x0000000002c4e960
Event: 3.663 Thread 0x0000000002cd0800 DEOPT UNPACKING pc=0x0000000002e155af sp=0x0000000002c4e8d8 mode 2
Event: 3.663 Thread 0x0000000002cd0800 Uncommon trap: trap_request=0xffffffc6 fr.pc=0x0000000002fb4750
Event: 3.663 Thread 0x0000000002cd0800 DEOPT PACKING pc=0x0000000002fb4750 sp=0x0000000002c4e7c0
Event: 3.663 Thread 0x0000000002cd0800 DEOPT UNPACKING pc=0x0000000002e155af sp=0x0000000002c4e748 mode 2


Dynamic libraries:
0x00007ff6edd70000 - 0x00007ff6edda4000 	C:\Program Files\Java\jdk1.8.0\bin\java.exe
0x00007ffe597f0000 - 0x00007ffe599b1000 	C:\Windows\SYSTEM32\ntdll.dll
0x00007ffe596d0000 - 0x00007ffe5977d000 	C:\Windows\system32\KERNEL32.DLL
0x00007ffe3bf60000 - 0x00007ffe3bf93000 	C:\Program Files (x86)\AVG\Av\avghooka.dll
0x00007ffe56a00000 - 0x00007ffe56be8000 	C:\Windows\system32\KERNELBASE.dll
0x00007ffe59170000 - 0x00007ffe59217000 	C:\Windows\system32\ADVAPI32.dll
0x00007ffe57670000 - 0x00007ffe5770d000 	C:\Windows\system32\msvcrt.dll
0x00007ffe590c0000 - 0x00007ffe5911b000 	C:\Windows\system32\sechost.dll
0x00007ffe57110000 - 0x00007ffe5722c000 	C:\Windows\system32\RPCRT4.dll
0x00007ffe593b0000 - 0x00007ffe59506000 	C:\Windows\system32\USER32.dll
0x00007ffe59220000 - 0x00007ffe593a6000 	C:\Windows\system32\GDI32.dll
0x00007ffe37650000 - 0x00007ffe378c4000 	C:\Windows\WinSxS\amd64_microsoft.windows.common-controls_6595b64144ccf1df_6.0.10586.0_none_8c15ae12515e1c22\COMCTL32.dll
0x00007ffe56bf0000 - 0x00007ffe56e6d000 	C:\Windows\system32\combase.dll
0x00007ffe56940000 - 0x00007ffe569aa000 	C:\Windows\system32\bcryptPrimitives.dll
0x00007ffe59120000 - 0x00007ffe5915b000 	C:\Windows\system32\IMM32.DLL
0x000000006e2a0000 - 0x000000006e372000 	C:\Program Files\Java\jdk1.8.0\jre\bin\msvcr100.dll
0x000000006e720000 - 0x000000006ef4a000 	C:\Program Files\Java\jdk1.8.0\jre\bin\server\jvm.dll
0x00007ffe57660000 - 0x00007ffe57668000 	C:\Windows\system32\PSAPI.DLL
0x00007ffe2ee50000 - 0x00007ffe2ee59000 	C:\Windows\SYSTEM32\WSOCK32.dll
0x00007ffe59050000 - 0x00007ffe590bb000 	C:\Windows\system32\WS2_32.dll
0x00007ffe545c0000 - 0x00007ffe545e3000 	C:\Windows\SYSTEM32\WINMM.dll
0x00007ffe54560000 - 0x00007ffe5458c000 	C:\Windows\SYSTEM32\WINMMBASE.dll
0x00007ffe569b0000 - 0x00007ffe569f3000 	C:\Windows\system32\cfgmgr32.dll
0x000000006e710000 - 0x000000006e71f000 	C:\Program Files\Java\jdk1.8.0\jre\bin\verify.dll
0x000000006e6e0000 - 0x000000006e708000 	C:\Program Files\Java\jdk1.8.0\jre\bin\java.dll
0x000000006e6c0000 - 0x000000006e6d6000 	C:\Program Files\Java\jdk1.8.0\jre\bin\zip.dll
0x00007ffe57af0000 - 0x00007ffe5904c000 	C:\Windows\system32\SHELL32.dll
0x00007ffe55f50000 - 0x00007ffe56594000 	C:\Windows\system32\windows.storage.dll
0x00007ffe57050000 - 0x00007ffe570a2000 	C:\Windows\system32\shlwapi.dll
0x00007ffe55e90000 - 0x00007ffe55e9f000 	C:\Windows\system32\kernel.appcore.dll
0x00007ffe56770000 - 0x00007ffe56825000 	C:\Windows\system32\shcore.dll
0x00007ffe55e10000 - 0x00007ffe55e5b000 	C:\Windows\system32\powrprof.dll
0x00007ffe55e60000 - 0x00007ffe55e74000 	C:\Windows\system32\profapi.dll

VM Arguments:
jvm_args: -Djava.awt.headless=true -Xmx1024M -Dfile.encoding=windows-1252 -Duser.country=US -Duser.language=en -Duser.variant 
java_command: com.android.dx.command.Main --dex --force-jumbo --multi-dex --output D:\wwwroot\Work\MobileYomanim\app\build\intermediates\transforms\dex\debug\folders\1000\10\com.google.android.gms-play-services-measurement-8.4.0_687342d3adc9f1e1fa4918f3af987acbd04ce5ea D:\wwwroot\Work\MobileYomanim\app\build\intermediates\exploded-aar\com.google.android.gms\play-services-measurement\8.4.0\jars\classes.jar
java_class_path (initial): C:\Users\Yuriy\AppData\Local\Android\sdk\build-tools\21.0.1\lib\dx.jar
Launcher Type: SUN_STANDARD

Environment Variables:
PATH=C:\ProgramData\Oracle\Java\javapath;C:\Windows\system32;C:\Windows;C:\Windows\System32\Wbem;C:\Windows\System32\WindowsPowerShell\v1.0\;C:\Program Files (x86)\Windows Kits\8.1\Windows Performance Toolkit\;C:\Program Files\Microsoft SQL Server\110\Tools\Binn\;C:\Program Files (x86)\Skype\Phone\;C:\Program Files\TortoiseSVN\bin;C:\Program Files\Microsoft SQL Server\Client SDK\ODBC\110\Tools\Binn\;C:\Program Files (x86)\Microsoft SQL Server\120\Tools\Binn\ManagementStudio\;C:\Program Files (x86)\Microsoft SQL Server\120\Tools\Binn\;C:\Program Files\Microsoft SQL Server\120\Tools\Binn\;C:\Program Files (x86)\Microsoft SQL Server\120\DTS\Binn\;C:\Program Files\Microsoft SQL Server\120\DTS\Binn\
USERNAME=Yuriy
OS=Windows_NT
PROCESSOR_IDENTIFIER=Intel64 Family 6 Model 58 Stepping 9, GenuineIntel



---------------  S Y S T E M  ---------------

OS: Windows 8.1 , 64 bit Build 9600 

CPU:total 8 (4 cores per cpu, 2 threads per core) family 6 model 58 stepping 9, cmov, cx8, fxsr, mmx, sse, sse2, sse3, ssse3, sse4.1, sse4.2, popcnt, avx, aes, clmul, erms, ht, tsc, tscinvbit

Memory: 4k page, physical 6189924k(486108k free), swap 14195000k(5116k free)

vm_info: Java HotSpot(TM) 64-Bit Server VM (25.0-b70) for windows-amd64 JRE (1.8.0-b132), built on Mar  4 2014 03:46:18 by "java_re" with MS VC++ 10.0 (VS2010)

time: Mon Jun 20 16:45:40 2016
elapsed time: 3 seconds

